[Sun Jan  4 13:11:57 2026] Checking reminders...
[Sun Jan  4 13:12:57 2026] Checking reminders...
[Sun Jan  4 13:13:57 2026] Checking reminders...
[Sun Jan  4 13:14:57 2026] Checking reminders...
[Sun Jan  4 13:14:57 2026] Sent 1 reminders.
[Sun Jan  4 13:15:57 2026] Checking reminders...
[Sun Jan  4 13:16:57 2026] Checking reminders...
[Sun Jan  4 13:17:58 2026] Checking reminders...
[Sun Jan  4 13:18:58 2026] Checking reminders...
[Sun Jan  4 13:19:58 2026] Checking reminders...
[Sun Jan  4 13:20:58 2026] Checking reminders...
[Sun Jan  4 13:21:58 2026] Checking reminders...
[Sun Jan  4 13:22:58 2026] Checking reminders...
[Sun Jan  4 13:23:58 2026] Checking reminders...
[Sun Jan  4 13:24:58 2026] Checking reminders...
[Sun Jan  4 13:25:58 2026] Checking reminders...
[Sun Jan  4 13:26:58 2026] Checking reminders...
[Sun Jan  4 13:27:58 2026] Checking reminders...
[Sun Jan  4 14:29:31 2026] Checking reminders...
[Sun Jan  4 14:30:31 2026] Checking reminders...
[Sun Jan  4 14:31:31 2026] Checking reminders...
[Sun Jan  4 14:32:31 2026] Checking reminders...
[Sun Jan  4 14:33:31 2026] Checking reminders...
[Sun Jan  4 14:34:31 2026] Checking reminders...
[Sun Jan  4 14:35:31 2026] Checking reminders...
[Sun Jan  4 14:36:31 2026] Checking reminders...
[Sun Jan  4 14:37:31 2026] Checking reminders...
[Sun Jan  4 14:38:31 2026] Checking reminders...
[Sun Jan  4 14:39:32 2026] Checking reminders...
[Sun Jan  4 14:40:32 2026] Checking reminders...
[Sun Jan  4 14:41:32 2026] Checking reminders...
[Sun Jan  4 14:42:32 2026] Checking reminders...
[Sun Jan  4 14:43:32 2026] Checking reminders...
[Sun Jan  4 14:44:32 2026] Checking reminders...
[Sun Jan  4 14:45:32 2026] Checking reminders...
[Sun Jan  4 14:46:32 2026] Checking reminders...
[Sun Jan  4 14:47:32 2026] Checking reminders...
[Sun Jan  4 14:48:32 2026] Checking reminders...
[Sun Jan  4 14:49:32 2026] Checking reminders...
[Sun Jan  4 14:50:32 2026] Checking reminders...
[Sun Jan  4 14:51:32 2026] Checking reminders...
[Sun Jan  4 14:52:32 2026] Checking reminders...
[Sun Jan  4 14:53:32 2026] Checking reminders...
[Sun Jan  4 14:54:32 2026] Checking reminders...
[Sun Jan  4 14:55:32 2026] Checking reminders...
[Sun Jan  4 15:17:11 2026] Checking reminders...
[Sun Jan  4 15:18:12 2026] Checking reminders...
[Sun Jan  4 15:19:12 2026] Checking reminders...
[Sun Jan  4 15:20:12 2026] Checking reminders...
[Sun Jan  4 15:21:12 2026] Checking reminders...
[Sun Jan  4 15:22:12 2026] Checking reminders...
[Sun Jan  4 15:23:12 2026] Checking reminders...
[Sun Jan  4 15:24:12 2026] Checking reminders...
[Sun Jan  4 15:25:12 2026] Checking reminders...
[Sun Jan  4 15:26:12 2026] Checking reminders...
[Sun Jan  4 15:27:12 2026] Checking reminders...
[Sun Jan  4 15:28:12 2026] Checking reminders...
[Sun Jan  4 15:29:13 2026] Checking reminders...
[Sun Jan  4 15:30:18 2026] Thread started
[Sun Jan  4 15:30:18 2026] Checking reminders...
[Sun Jan  4 15:31:19 2026] Checking reminders...
[Sun Jan  4 15:32:19 2026] Checking reminders...
[Sun Jan  4 15:33:19 2026] Checking reminders...
[Sun Jan  4 15:34:19 2026] Checking reminders...
[Sun Jan  4 15:35:19 2026] Checking reminders...
[Sun Jan  4 15:36:16 2026] Thread started
[Sun Jan  4 15:36:16 2026] Checking reminders...
[Sun Jan  4 15:36:16 2026] Error: column crm_activityschedule.reminder_day_sent does not exist
LINE 1: ...ustomer", "crm_activityschedule"."reminder_sent", "crm_activ...
                                                             ^

[Sun Jan  4 15:36:46 2026] Thread started
[Sun Jan  4 15:36:46 2026] Checking reminders...
[Sun Jan  4 15:36:46 2026] Error: column crm_activityschedule.reminder_day_sent does not exist
LINE 1: ...ustomer", "crm_activityschedule"."reminder_sent", "crm_activ...
                                                             ^

[Sun Jan  4 15:37:46 2026] Checking reminders...
[Sun Jan  4 15:37:46 2026] Error: column crm_activityschedule.reminder_day_sent does not exist
LINE 1: ...ustomer", "crm_activityschedule"."reminder_sent", "crm_activ...
                                                             ^

[Sun Jan  4 15:38:46 2026] Checking reminders...
[Sun Jan  4 15:38:46 2026] Sent 9 reminders.
[Sun Jan  4 15:39:46 2026] Checking reminders...
[Sun Jan  4 15:40:47 2026] Checking reminders...
[Sun Jan  4 15:41:47 2026] Checking reminders...
[Sun Jan  4 15:42:47 2026] Checking reminders...
[Sun Jan  4 15:43:47 2026] Checking reminders...
[Sun Jan  4 15:44:47 2026] Checking reminders...
