[Sun Jan  4 12:59:35 2026] Thread started
[Sun Jan  4 12:59:35 2026] Checking reminders...
[Sun Jan  4 05:59:36 2026] Thread started
[Sun Jan  4 05:59:36 2026] Checking reminders...
[Sun Jan  4 05:59:36 2026] Error: connection to server at "127.0.0.1", port 5433 failed: Connection refused
	Is the server running on that host and accepting TCP/IP connections?

[Sun Jan  4 13:00:35 2026] Checking reminders...
[Sun Jan  4 06:00:36 2026] Checking reminders...
[Sun Jan  4 06:00:36 2026] Error: connection to server at "127.0.0.1", port 5433 failed: Connection refused
	Is the server running on that host and accepting TCP/IP connections?

[Sun Jan  4 13:01:35 2026] Checking reminders...
[Sun Jan  4 06:01:36 2026] Checking reminders...
[Sun Jan  4 06:01:36 2026] Error: connection to server at "127.0.0.1", port 5433 failed: Connection refused
	Is the server running on that host and accepting TCP/IP connections?

[Sun Jan  4 13:02:35 2026] Checking reminders...
[Sun Jan  4 06:02:36 2026] Checking reminders...
[Sun Jan  4 06:02:36 2026] Error: connection to server at "127.0.0.1", port 5433 failed: Connection refused
	Is the server running on that host and accepting TCP/IP connections?

[Sun Jan  4 13:03:35 2026] Checking reminders...
[Sun Jan  4 06:03:36 2026] Checking reminders...
[Sun Jan  4 06:03:36 2026] Error: connection to server at "127.0.0.1", port 5433 failed: Connection refused
	Is the server running on that host and accepting TCP/IP connections?

[Sun Jan  4 13:04:35 2026] Checking reminders...
[Sun Jan  4 06:04:36 2026] Checking reminders...
[Sun Jan  4 06:04:37 2026] Error: connection to server at "127.0.0.1", port 5433 failed: Connection refused
	Is the server running on that host and accepting TCP/IP connections?

[Sun Jan  4 13:05:35 2026] Checking reminders...
[Sun Jan  4 06:05:37 2026] Checking reminders...
[Sun Jan  4 06:05:37 2026] Error: connection to server at "127.0.0.1", port 5433 failed: Connection refused
	Is the server running on that host and accepting TCP/IP connections?

[Sun Jan  4 13:06:35 2026] Checking reminders...
[Sun Jan  4 06:06:37 2026] Checking reminders...
[Sun Jan  4 06:06:37 2026] Error: connection to server at "127.0.0.1", port 5433 failed: Connection refused
	Is the server running on that host and accepting TCP/IP connections?

[Sun Jan  4 13:07:35 2026] Checking reminders...
[Sun Jan  4 06:07:37 2026] Checking reminders...
[Sun Jan  4 06:07:37 2026] Error: connection to server at "127.0.0.1", port 5433 failed: Connection refused
	Is the server running on that host and accepting TCP/IP connections?

[Sun Jan  4 13:08:35 2026] Checking reminders...
[Sun Jan  4 06:08:37 2026] Checking reminders...
[Sun Jan  4 06:08:37 2026] Error: connection to server at "127.0.0.1", port 5433 failed: Connection refused
	Is the server running on that host and accepting TCP/IP connections?

[Sun Jan  4 13:09:35 2026] Checking reminders...
[Sun Jan  4 06:09:37 2026] Checking reminders...
[Sun Jan  4 06:09:37 2026] Error: connection to server at "127.0.0.1", port 5433 failed: Connection refused
	Is the server running on that host and accepting TCP/IP connections?

[Sun Jan  4 13:10:36 2026] Checking reminders...
[Sun Jan  4 06:10:37 2026] Checking reminders...
[Sun Jan  4 06:10:37 2026] Error: connection to server at "127.0.0.1", port 5433 failed: Connection refused
	Is the server running on that host and accepting TCP/IP connections?

[Sun Jan  4 13:11:36 2026] Checking reminders...
[Sun Jan  4 06:11:37 2026] Checking reminders...
[Sun Jan  4 06:11:37 2026] Error: connection to server at "127.0.0.1", port 5433 failed: Connection refused
	Is the server running on that host and accepting TCP/IP connections?

[Sun Jan  4 13:12:36 2026] Checking reminders...
[Sun Jan  4 06:12:37 2026] Checking reminders...
[Sun Jan  4 06:12:38 2026] Error: connection to server at "127.0.0.1", port 5433 failed: Connection refused
	Is the server running on that host and accepting TCP/IP connections?

[Sun Jan  4 13:13:36 2026] Checking reminders...
[Sun Jan  4 06:13:37 2026] Checking reminders...
[Sun Jan  4 06:13:38 2026] Error: connection to server at "127.0.0.1", port 5433 failed: Connection refused
	Is the server running on that host and accepting TCP/IP connections?

[Sun Jan  4 13:14:36 2026] Checking reminders...
[Sun Jan  4 06:14:38 2026] Checking reminders...
[Sun Jan  4 06:14:38 2026] Error: connection to server at "127.0.0.1", port 5433 failed: Connection refused
	Is the server running on that host and accepting TCP/IP connections?

[Sun Jan  4 13:15:36 2026] Checking reminders...
[Sun Jan  4 06:15:38 2026] Checking reminders...
[Sun Jan  4 06:15:38 2026] Error: connection to server at "127.0.0.1", port 5433 failed: Connection refused
	Is the server running on that host and accepting TCP/IP connections?

[Sun Jan  4 13:16:36 2026] Checking reminders...
[Sun Jan  4 06:16:38 2026] Checking reminders...
[Sun Jan  4 06:16:38 2026] Error: connection to server at "127.0.0.1", port 5433 failed: Connection refused
	Is the server running on that host and accepting TCP/IP connections?

[Sun Jan  4 13:17:36 2026] Checking reminders...
[Sun Jan  4 06:17:38 2026] Checking reminders...
[Sun Jan  4 06:17:38 2026] Error: connection to server at "127.0.0.1", port 5433 failed: Connection refused
	Is the server running on that host and accepting TCP/IP connections?

[Sun Jan  4 13:18:36 2026] Checking reminders...
[Sun Jan  4 06:18:38 2026] Checking reminders...
[Sun Jan  4 06:18:39 2026] Error: connection to server at "127.0.0.1", port 5433 failed: Connection refused
	Is the server running on that host and accepting TCP/IP connections?

[Sun Jan  4 13:19:36 2026] Checking reminders...
[Sun Jan  4 13:19:36 2026] Sent 2 reminders.
[Sun Jan  4 06:19:39 2026] Checking reminders...
[Sun Jan  4 06:19:39 2026] Error: connection to server at "127.0.0.1", port 5433 failed: Connection refused
	Is the server running on that host and accepting TCP/IP connections?

[Sun Jan  4 13:20:36 2026] Checking reminders...
[Sun Jan  4 06:20:39 2026] Checking reminders...
[Sun Jan  4 06:20:39 2026] Error: connection to server at "127.0.0.1", port 5433 failed: Connection refused
	Is the server running on that host and accepting TCP/IP connections?

[Sun Jan  4 13:21:37 2026] Checking reminders...
[Sun Jan  4 13:21:37 2026] Sent 1 reminders.
[Sun Jan  4 06:21:39 2026] Checking reminders...
[Sun Jan  4 06:21:39 2026] Error: connection to server at "127.0.0.1", port 5433 failed: Connection refused
	Is the server running on that host and accepting TCP/IP connections?

[Sun Jan  4 13:22:37 2026] Checking reminders...
[Sun Jan  4 06:22:39 2026] Checking reminders...
[Sun Jan  4 06:22:39 2026] Error: connection to server at "127.0.0.1", port 5433 failed: Connection refused
	Is the server running on that host and accepting TCP/IP connections?

[Sun Jan  4 13:23:37 2026] Checking reminders...
[Sun Jan  4 06:23:39 2026] Checking reminders...
[Sun Jan  4 06:23:39 2026] Error: connection to server at "127.0.0.1", port 5433 failed: Connection refused
	Is the server running on that host and accepting TCP/IP connections?

[Sun Jan  4 13:24:37 2026] Checking reminders...
[Sun Jan  4 06:24:40 2026] Checking reminders...
[Sun Jan  4 06:24:40 2026] Error: connection to server at "127.0.0.1", port 5433 failed: Connection refused
	Is the server running on that host and accepting TCP/IP connections?

[Sun Jan  4 13:25:37 2026] Checking reminders...
[Sun Jan  4 06:25:40 2026] Checking reminders...
[Sun Jan  4 06:25:40 2026] Error: connection to server at "127.0.0.1", port 5433 failed: Connection refused
	Is the server running on that host and accepting TCP/IP connections?

[Sun Jan  4 13:26:37 2026] Checking reminders...
[Sun Jan  4 06:26:40 2026] Checking reminders...
[Sun Jan  4 06:26:40 2026] Error: connection to server at "127.0.0.1", port 5433 failed: Connection refused
	Is the server running on that host and accepting TCP/IP connections?

[Sun Jan  4 13:27:37 2026] Checking reminders...
[Sun Jan  4 06:27:40 2026] Checking reminders...
[Sun Jan  4 06:27:40 2026] Error: connection to server at "127.0.0.1", port 5433 failed: Connection refused
	Is the server running on that host and accepting TCP/IP connections?

[Sun Jan  4 14:29:09 2026] Checking reminders...
[Sun Jan  4 07:29:17 2026] Checking reminders...
[Sun Jan  4 07:29:17 2026] Error: connection to server at "127.0.0.1", port 5433 failed: Connection refused
	Is the server running on that host and accepting TCP/IP connections?

[Sun Jan  4 14:30:09 2026] Checking reminders...
[Sun Jan  4 07:30:17 2026] Checking reminders...
[Sun Jan  4 07:30:17 2026] Error: connection to server at "127.0.0.1", port 5433 failed: Connection refused
	Is the server running on that host and accepting TCP/IP connections?

[Sun Jan  4 14:31:09 2026] Checking reminders...
[Sun Jan  4 07:31:17 2026] Checking reminders...
[Sun Jan  4 07:31:17 2026] Error: connection to server at "127.0.0.1", port 5433 failed: Connection refused
	Is the server running on that host and accepting TCP/IP connections?

[Sun Jan  4 14:32:10 2026] Checking reminders...
[Sun Jan  4 07:32:17 2026] Checking reminders...
[Sun Jan  4 07:32:17 2026] Error: connection to server at "127.0.0.1", port 5433 failed: Connection refused
	Is the server running on that host and accepting TCP/IP connections?

[Sun Jan  4 14:33:10 2026] Checking reminders...
[Sun Jan  4 07:33:17 2026] Checking reminders...
[Sun Jan  4 07:33:18 2026] Error: connection to server at "127.0.0.1", port 5433 failed: Connection refused
	Is the server running on that host and accepting TCP/IP connections?

[Sun Jan  4 14:34:10 2026] Checking reminders...
[Sun Jan  4 07:34:18 2026] Checking reminders...
[Sun Jan  4 07:34:18 2026] Error: connection to server at "127.0.0.1", port 5433 failed: Connection refused
	Is the server running on that host and accepting TCP/IP connections?

[Sun Jan  4 14:35:10 2026] Checking reminders...
[Sun Jan  4 07:35:18 2026] Checking reminders...
[Sun Jan  4 07:35:18 2026] Error: connection to server at "127.0.0.1", port 5433 failed: Connection refused
	Is the server running on that host and accepting TCP/IP connections?

[Sun Jan  4 14:36:10 2026] Checking reminders...
[Sun Jan  4 07:36:18 2026] Checking reminders...
[Sun Jan  4 07:36:18 2026] Error: connection to server at "127.0.0.1", port 5433 failed: Connection refused
	Is the server running on that host and accepting TCP/IP connections?

[Sun Jan  4 14:37:10 2026] Checking reminders...
[Sun Jan  4 07:37:18 2026] Checking reminders...
[Sun Jan  4 07:37:18 2026] Error: connection to server at "127.0.0.1", port 5433 failed: Connection refused
	Is the server running on that host and accepting TCP/IP connections?

[Sun Jan  4 14:38:10 2026] Checking reminders...
[Sun Jan  4 07:38:18 2026] Checking reminders...
[Sun Jan  4 07:38:18 2026] Error: connection to server at "127.0.0.1", port 5433 failed: Connection refused
	Is the server running on that host and accepting TCP/IP connections?

[Sun Jan  4 14:39:10 2026] Checking reminders...
[Sun Jan  4 07:39:18 2026] Checking reminders...
[Sun Jan  4 07:39:18 2026] Error: connection to server at "127.0.0.1", port 5433 failed: Connection refused
	Is the server running on that host and accepting TCP/IP connections?

[Sun Jan  4 14:40:10 2026] Checking reminders...
[Sun Jan  4 07:40:18 2026] Checking reminders...
[Sun Jan  4 07:40:18 2026] Error: connection to server at "127.0.0.1", port 5433 failed: Connection refused
	Is the server running on that host and accepting TCP/IP connections?

[Sun Jan  4 14:41:10 2026] Checking reminders...
[Sun Jan  4 07:41:18 2026] Checking reminders...
[Sun Jan  4 07:41:18 2026] Error: connection to server at "127.0.0.1", port 5433 failed: Connection refused
	Is the server running on that host and accepting TCP/IP connections?

[Sun Jan  4 14:42:10 2026] Checking reminders...
[Sun Jan  4 07:42:19 2026] Checking reminders...
[Sun Jan  4 07:42:19 2026] Error: connection to server at "127.0.0.1", port 5433 failed: Connection refused
	Is the server running on that host and accepting TCP/IP connections?

[Sun Jan  4 14:43:11 2026] Checking reminders...
[Sun Jan  4 07:43:19 2026] Checking reminders...
[Sun Jan  4 07:43:19 2026] Error: connection to server at "127.0.0.1", port 5433 failed: Connection refused
	Is the server running on that host and accepting TCP/IP connections?

[Sun Jan  4 14:44:11 2026] Checking reminders...
[Sun Jan  4 07:44:19 2026] Checking reminders...
[Sun Jan  4 07:44:19 2026] Error: connection to server at "127.0.0.1", port 5433 failed: Connection refused
	Is the server running on that host and accepting TCP/IP connections?

[Sun Jan  4 14:45:11 2026] Checking reminders...
[Sun Jan  4 07:45:19 2026] Checking reminders...
[Sun Jan  4 07:45:19 2026] Error: connection to server at "127.0.0.1", port 5433 failed: Connection refused
	Is the server running on that host and accepting TCP/IP connections?

[Sun Jan  4 14:46:11 2026] Checking reminders...
[Sun Jan  4 07:46:19 2026] Checking reminders...
[Sun Jan  4 07:46:19 2026] Error: connection to server at "127.0.0.1", port 5433 failed: Connection refused
	Is the server running on that host and accepting TCP/IP connections?

[Sun Jan  4 14:47:11 2026] Checking reminders...
[Sun Jan  4 07:47:19 2026] Checking reminders...
[Sun Jan  4 07:47:19 2026] Error: connection to server at "127.0.0.1", port 5433 failed: Connection refused
	Is the server running on that host and accepting TCP/IP connections?

[Sun Jan  4 14:48:11 2026] Checking reminders...
[Sun Jan  4 07:48:19 2026] Checking reminders...
[Sun Jan  4 07:48:19 2026] Error: connection to server at "127.0.0.1", port 5433 failed: Connection refused
	Is the server running on that host and accepting TCP/IP connections?

[Sun Jan  4 14:49:11 2026] Checking reminders...
[Sun Jan  4 07:49:19 2026] Checking reminders...
[Sun Jan  4 07:49:19 2026] Error: connection to server at "127.0.0.1", port 5433 failed: Connection refused
	Is the server running on that host and accepting TCP/IP connections?

[Sun Jan  4 14:50:11 2026] Checking reminders...
[Sun Jan  4 07:50:19 2026] Checking reminders...
[Sun Jan  4 07:50:20 2026] Error: connection to server at "127.0.0.1", port 5433 failed: Connection refused
	Is the server running on that host and accepting TCP/IP connections?

[Sun Jan  4 14:51:11 2026] Checking reminders...
[Sun Jan  4 07:51:20 2026] Checking reminders...
[Sun Jan  4 07:51:20 2026] Error: connection to server at "127.0.0.1", port 5433 failed: Connection refused
	Is the server running on that host and accepting TCP/IP connections?

[Sun Jan  4 14:52:11 2026] Checking reminders...
[Sun Jan  4 07:52:20 2026] Checking reminders...
[Sun Jan  4 07:52:20 2026] Error: connection to server at "127.0.0.1", port 5433 failed: Connection refused
	Is the server running on that host and accepting TCP/IP connections?

[Sun Jan  4 14:53:11 2026] Checking reminders...
[Sun Jan  4 07:53:20 2026] Checking reminders...
[Sun Jan  4 07:53:20 2026] Error: connection to server at "127.0.0.1", port 5433 failed: Connection refused
	Is the server running on that host and accepting TCP/IP connections?

[Sun Jan  4 14:54:11 2026] Checking reminders...
[Sun Jan  4 07:54:20 2026] Checking reminders...
[Sun Jan  4 07:54:20 2026] Error: connection to server at "127.0.0.1", port 5433 failed: Connection refused
	Is the server running on that host and accepting TCP/IP connections?

[Sun Jan  4 14:55:11 2026] Checking reminders...
[Sun Jan  4 07:55:20 2026] Checking reminders...
[Sun Jan  4 07:55:20 2026] Error: connection to server at "127.0.0.1", port 5433 failed: Connection refused
	Is the server running on that host and accepting TCP/IP connections?

[Sun Jan  4 15:16:49 2026] Checking reminders...
[Sun Jan  4 08:17:07 2026] Checking reminders...
[Sun Jan  4 08:17:08 2026] Error: connection to server at "127.0.0.1", port 5433 failed: Connection refused
	Is the server running on that host and accepting TCP/IP connections?

[Sun Jan  4 15:17:52 2026] Checking reminders...
[Sun Jan  4 08:18:08 2026] Checking reminders...
[Sun Jan  4 08:18:09 2026] Error: connection to server at "127.0.0.1", port 5433 failed: Connection refused
	Is the server running on that host and accepting TCP/IP connections?

[Sun Jan  4 15:18:53 2026] Checking reminders...
[Sun Jan  4 08:19:09 2026] Checking reminders...
[Sun Jan  4 08:19:09 2026] Error: connection to server at "127.0.0.1", port 5433 failed: Connection refused
	Is the server running on that host and accepting TCP/IP connections?

[Sun Jan  4 15:19:53 2026] Checking reminders...
[Sun Jan  4 08:20:09 2026] Checking reminders...
[Sun Jan  4 08:20:09 2026] Error: connection to server at "127.0.0.1", port 5433 failed: Connection refused
	Is the server running on that host and accepting TCP/IP connections?

[Sun Jan  4 15:20:53 2026] Checking reminders...
[Sun Jan  4 08:21:09 2026] Checking reminders...
[Sun Jan  4 08:21:09 2026] Error: connection to server at "127.0.0.1", port 5433 failed: Connection refused
	Is the server running on that host and accepting TCP/IP connections?

[Sun Jan  4 15:21:53 2026] Checking reminders...
[Sun Jan  4 08:22:09 2026] Checking reminders...
[Sun Jan  4 08:22:09 2026] Error: connection to server at "127.0.0.1", port 5433 failed: Connection refused
	Is the server running on that host and accepting TCP/IP connections?

[Sun Jan  4 15:22:53 2026] Checking reminders...
[Sun Jan  4 08:23:09 2026] Checking reminders...
[Sun Jan  4 08:23:09 2026] Error: connection to server at "127.0.0.1", port 5433 failed: Connection refused
	Is the server running on that host and accepting TCP/IP connections?

[Sun Jan  4 15:23:53 2026] Checking reminders...
[Sun Jan  4 15:23:53 2026] Sent 1 reminders.
[Sun Jan  4 08:24:09 2026] Checking reminders...
[Sun Jan  4 08:24:09 2026] Error: connection to server at "127.0.0.1", port 5433 failed: Connection refused
	Is the server running on that host and accepting TCP/IP connections?

[Sun Jan  4 15:24:53 2026] Checking reminders...
[Sun Jan  4 08:25:09 2026] Checking reminders...
[Sun Jan  4 08:25:09 2026] Error: connection to server at "127.0.0.1", port 5433 failed: Connection refused
	Is the server running on that host and accepting TCP/IP connections?

[Sun Jan  4 15:25:53 2026] Checking reminders...
[Sun Jan  4 08:26:10 2026] Checking reminders...
[Sun Jan  4 08:26:10 2026] Error: connection to server at "127.0.0.1", port 5433 failed: Connection refused
	Is the server running on that host and accepting TCP/IP connections?

[Sun Jan  4 15:26:53 2026] Checking reminders...
[Sun Jan  4 08:27:10 2026] Checking reminders...
[Sun Jan  4 08:27:10 2026] Error: connection to server at "127.0.0.1", port 5433 failed: Connection refused
	Is the server running on that host and accepting TCP/IP connections?

[Sun Jan  4 15:27:53 2026] Checking reminders...
[Sun Jan  4 08:28:10 2026] Checking reminders...
[Sun Jan  4 08:28:10 2026] Error: connection to server at "127.0.0.1", port 5433 failed: Connection refused
	Is the server running on that host and accepting TCP/IP connections?

[Sun Jan  4 15:28:53 2026] Checking reminders...
[Sun Jan  4 15:28:54 2026] Sent 1 reminders.
[Sun Jan  4 08:29:10 2026] Checking reminders...
[Sun Jan  4 08:29:10 2026] Error: connection to server at "127.0.0.1", port 5433 failed: Connection refused
	Is the server running on that host and accepting TCP/IP connections?

[Sun Jan  4 15:29:54 2026] Checking reminders...
[Sun Jan  4 08:30:18 2026] Thread started
[Sun Jan  4 15:30:18 2026] Thread started
[Sun Jan  4 15:30:18 2026] Checking reminders...
[Sun Jan  4 08:30:19 2026] Checking reminders...
[Sun Jan  4 08:30:19 2026] Error: connection to server at "127.0.0.1", port 5433 failed: Connection refused
	Is the server running on that host and accepting TCP/IP connections?

[Sun Jan  4 08:31:19 2026] Checking reminders...
[Sun Jan  4 15:31:19 2026] Checking reminders...
[Sun Jan  4 08:31:19 2026] Error: connection to server at "127.0.0.1", port 5433 failed: Connection refused
	Is the server running on that host and accepting TCP/IP connections?

[Sun Jan  4 15:32:19 2026] Checking reminders...
[Sun Jan  4 08:32:19 2026] Checking reminders...
[Sun Jan  4 08:32:19 2026] Error: connection to server at "127.0.0.1", port 5433 failed: Connection refused
	Is the server running on that host and accepting TCP/IP connections?

[Sun Jan  4 15:33:19 2026] Checking reminders...
[Sun Jan  4 08:33:19 2026] Checking reminders...
[Sun Jan  4 08:33:19 2026] Error: connection to server at "127.0.0.1", port 5433 failed: Connection refused
	Is the server running on that host and accepting TCP/IP connections?

[Sun Jan  4 15:34:19 2026] Checking reminders...
[Sun Jan  4 08:34:19 2026] Checking reminders...
[Sun Jan  4 08:34:20 2026] Error: connection to server at "127.0.0.1", port 5433 failed: Connection refused
	Is the server running on that host and accepting TCP/IP connections?

[Sun Jan  4 15:35:19 2026] Checking reminders...
[Sun Jan  4 08:35:20 2026] Checking reminders...
[Sun Jan  4 08:35:20 2026] Error: connection to server at "127.0.0.1", port 5433 failed: Connection refused
	Is the server running on that host and accepting TCP/IP connections?

[Sun Jan  4 15:36:16 2026] Thread started
[Sun Jan  4 15:36:16 2026] Checking reminders...
[Sun Jan  4 15:36:16 2026] Error: column crm_activityschedule.reminder_day_sent does not exist
LINE 1: ...ustomer", "crm_activityschedule"."reminder_sent", "crm_activ...
                                                             ^

[Sun Jan  4 08:36:19 2026] Thread started
[Sun Jan  4 08:36:19 2026] Checking reminders...
[Sun Jan  4 08:36:20 2026] Error: connection to server at "127.0.0.1", port 5433 failed: Connection refused
	Is the server running on that host and accepting TCP/IP connections?

[Sun Jan  4 15:36:46 2026] Thread started
[Sun Jan  4 15:36:46 2026] Checking reminders...
[Sun Jan  4 15:36:46 2026] Error: column crm_activityschedule.reminder_day_sent does not exist
LINE 1: ...ustomer", "crm_activityschedule"."reminder_sent", "crm_activ...
                                                             ^

[Sun Jan  4 08:36:48 2026] Thread started
[Sun Jan  4 08:36:48 2026] Checking reminders...
[Sun Jan  4 08:36:48 2026] Error: connection to server at "127.0.0.1", port 5433 failed: Connection refused
	Is the server running on that host and accepting TCP/IP connections?

[Sun Jan  4 15:37:46 2026] Checking reminders...
[Sun Jan  4 15:37:46 2026] Error: column crm_activityschedule.reminder_day_sent does not exist
LINE 1: ...ustomer", "crm_activityschedule"."reminder_sent", "crm_activ...
                                                             ^

[Sun Jan  4 08:37:48 2026] Checking reminders...
[Sun Jan  4 08:37:49 2026] Error: connection to server at "127.0.0.1", port 5433 failed: Connection refused
	Is the server running on that host and accepting TCP/IP connections?

[Sun Jan  4 15:38:46 2026] Checking reminders...
[Sun Jan  4 15:38:46 2026] Sent 9 reminders.
[Sun Jan  4 08:38:49 2026] Checking reminders...
[Sun Jan  4 08:38:49 2026] Error: connection to server at "127.0.0.1", port 5433 failed: Connection refused
	Is the server running on that host and accepting TCP/IP connections?

[Sun Jan  4 15:39:46 2026] Checking reminders...
[Sun Jan  4 08:39:49 2026] Checking reminders...
[Sun Jan  4 08:39:49 2026] Error: connection to server at "127.0.0.1", port 5433 failed: Connection refused
	Is the server running on that host and accepting TCP/IP connections?

[Sun Jan  4 15:40:47 2026] Checking reminders...
[Sun Jan  4 08:40:50 2026] Checking reminders...
[Sun Jan  4 08:40:50 2026] Error: connection to server at "127.0.0.1", port 5433 failed: Connection refused
	Is the server running on that host and accepting TCP/IP connections?

[Sun Jan  4 15:41:47 2026] Checking reminders...
[Sun Jan  4 08:41:50 2026] Checking reminders...
[Sun Jan  4 08:41:50 2026] Error: connection to server at "127.0.0.1", port 5433 failed: Connection refused
	Is the server running on that host and accepting TCP/IP connections?

[Sun Jan  4 15:42:47 2026] Checking reminders...
[Sun Jan  4 08:42:50 2026] Checking reminders...
[Sun Jan  4 08:42:50 2026] Error: connection to server at "127.0.0.1", port 5433 failed: Connection refused
	Is the server running on that host and accepting TCP/IP connections?

[Sun Jan  4 15:43:47 2026] Checking reminders...
[Sun Jan  4 08:43:50 2026] Checking reminders...
[Sun Jan  4 08:43:50 2026] Error: connection to server at "127.0.0.1", port 5433 failed: Connection refused
	Is the server running on that host and accepting TCP/IP connections?

[Sun Jan  4 15:44:47 2026] Checking reminders...
[Sun Jan  4 08:44:51 2026] Checking reminders...
[Sun Jan  4 08:44:51 2026] Error: connection to server at "127.0.0.1", port 5433 failed: Connection refused
	Is the server running on that host and accepting TCP/IP connections?

[Sun Jan  4 15:45:47 2026] Checking reminders...
